[32, 32, 32, 32, 32, 32, 32, 32, 32, 32]
[32, 32, 32, 32, 32, 32, 32, 32, 32, 32]
[32, 32, 32, 32, 32, 32, 32, 32, 32, 32]
[32, 32, 32, 32, 32, 32, 32, 32, 32, 32]
[32, 32, 32, 32, 32, 32, 32, 32, 32, 32]
[32, 32, 32, 32, 32, 32, 32, 32, 32, 32]
[32, 32, 32, 32, 32, 32, 32, 32, 32, 32]
[32, 32, 32, 32, 32, 32, 32, 32, 32, 32]
[32, 32, 32, 32, 32, 32, 32, 32, 32, 32]
[32, 32, 32, 32, 32, 32, 32, 32, 32, 32]
[32, 32, 32, 32, 32, 32, 32, 32, 32, 32]
[32, 32, 32, 32, 32, 32, 32, 32, 32, 32]
[32, 32, 32, 32, 32, 32, 32, 32, 32, 32]
[32, 32, 32, 32, 32, 32, 32, 32, 32, 32]
[32, 32, 32, 32, 32, 32, 32, 32, 32, 32]
[32, 32, 32, 32, 32, 32, 32, 32, 32, 32]
[32, 32, 32, 32, 32, 32, 32, 32, 32, 32]
[32, 32, 32, 32, 32, 32, 32, 32, 32, 32]
[32, 32, 32, 32, 32, 32, 32, 32, 32, 32]
[32, 32, 32, 32, 32, 32, 32, 32, 32, 32]
[32, 32, 32, 32, 32, 32, 32, 32, 32, 32]
[32, 32, 32, 32, 32, 32, 32, 32, 32, 32]
[32, 32, 32, 32, 32, 32, 32, 32, 32, 32]
[32, 32, 32, 56, 32, 32, 32, 32, 32, 32]
[32, 32, 32, 56, 32, 32, 32, 32, 32, 32]
[32, 32, 32, 56, 32, 32, 32, 32, 32, 32]
[32, 32, 32, 56, 32, 32, 32, 32, 32, 32]
[32, 32, 32, 56, 32, 32, 32, 32, 32, 32]
